2022-11-19T07:35:12+00:00 INFO ENVIRONMENT: array (
  'WP_User' => 'Guest (non logged-in user)',
  'HTTP_REFERER' => 'https://dev-gold-table.pantheonsite.io/menu/',
  'HTTP_USER_AGENT' => 'Mozilla/5.0 (Linux; Android 11; TECNO LC7) AppleWebKit/537.36 (KHTML, like Gecko) Chrome/103.0.0.0 Mobile Safari/537.36',
  'REQUEST_URI' => '/shop/',
  'DOING_AJAX' => false,
  'DOING_CRON' => false,
  'WP_CLI' => false,
)
2022-11-19T07:35:13+00:00 INFO REQUEST GET https://public-api.wordpress.com/wpcom/v2/sites/%s/wcpay/currency/rates?test_mode=1&currency_from=NGN
2022-11-19T07:35:13+00:00 INFO HEADERS: array (
  'Content-Type' => 'application/json; charset=utf-8',
  'User-Agent' => 'WooCommerce Payments/5.0.1',
)
2022-11-19T07:35:18+00:00 INFO RESPONSE: array (
  'AED' => 0.008298,
  'AFN' => 0.198798,
  'ALL' => 0.25584,
  'AMD' => 0.892732,
  'ANG' => 0.004068,
  'AOA' => 1.154707,
  'ARS' => 0.368374,
  'AUD' => 0.003384,
  'AWG' => 0.004066,
  'AZN' => 0.00384,
  'BAM' => 0.004259,
  'BBD' => 0.004518,
  'BDT' => 0.232615,
  'BGN' => 0.004274,
  'BHD' => 0.000851,
  'BIF' => 4.637871,
  'BMD' => 0.002259,
  'BND' => 0.003099,
  'BOB' => 0.015598,
  'BRL' => 0.012161,
  'BSD' => 0.002259,
  'BTC' => 1.36227E-7,
  'BTN' => 0.184362,
  'BWP' => 0.02924,
  'BYN' => 0.005701,
  'BZD' => 0.00455,
  'CAD' => 0.003031,
  'CDF' => 4.617539,
  'CHF' => 0.002156,
  'CLF' => 7.7E-5,
  'CLP' => 2.127592,
  'CNH' => 0.016094,
  'CNY' => 0.016084,
  'COP' => 11.316488,
  'CRC' => 1.378123,
  'CUC' => 0.002259,
  'CUP' => 0.058171,
  'CVE' => 0.241382,
  'CZK' => 0.05328,
  'DJF' => 0.400985,
  'DKK' => 0.016275,
  'DOP' => 0.123119,
  'DZD' => 0.313676,
  'EGP' => 0.055297,
  'ERN' => 0.033886,
  'ETB' => 0.119663,
  'EUR' => 0.002184,
  'FJD' => 0.005039,
  'FKP' => 0.001899,
  'GBP' => 0.001899,
  'GEL' => 0.006145,
  'GGP' => 0.001899,
  'GHS' => 0.032757,
  'GIP' => 0.001899,
  'GMD' => 0.138933,
  'GNF' => 19.823341,
  'GTQ' => 0.017625,
  'GYD' => 0.472256,
  'HKD' => 0.01767,
  'HNL' => 0.056138,
  'HRK' => 0.016435,
  'HTG' => 0.311506,
  'HUF' => 0.889486,
  'IDR' => 35.441406,
  'ILS' => 0.007831,
  'IMP' => 0.001899,
  'INR' => 0.18416,
  'IQD' => 3.298242,
  'IRR' => 95.784575,
  'ISK' => 0.325803,
  'JEP' => 0.001899,
  'JMD' => 0.347046,
  'JOD' => 0.001602,
  'JPY' => 0.317049,
  'KES' => 0.275945,
  'KGS' => 0.189927,
  'KHR' => 9.35255,
  'KMF' => 1.076446,
  'KPW' => 2.033163,
  'KRW' => 3.027222,
  'KWD' => 0.000695,
  'KYD' => 0.001881,
  'KZT' => 1.042762,
  'LAK' => 38.291239,
  'LBP' => 3.431703,
  'LKR' => 0.829564,
  'LRD' => 0.347897,
  'LSL' => 0.03924,
  'LYD' => 0.011058,
  'MAD' => 0.024205,
  'MDL' => 0.043306,
  'MGA' => 9.752406,
  'MKD' => 0.134167,
  'MMK' => 4.740361,
  'MNT' => 7.696574,
  'MOP' => 0.018187,
  'MUR' => 0.098586,
  'MVR' => 0.034824,
  'MWK' => 2.313288,
  'MXN' => 0.043917,
  'MYR' => 0.010287,
  'MZN' => 0.144242,
  'NAD' => 0.03924,
  'NGN' => 1,
  'NIO' => 0.081327,
  'NOK' => 0.023027,
  'NPR' => 0.294983,
  'NZD' => 0.003686,
  'OMR' => 0.00087,
  'PAB' => 0.002259,
  'PEN' => 0.008604,
  'PGK' => 0.007952,
  'PHP' => 0.129235,
  'PKR' => 0.50253,
  'PLN' => 0.010282,
  'PYG' => 16.186174,
  'QAR' => 0.008224,
  'RON' => 0.010812,
  'RSD' => 0.256183,
  'RUB' => 0.137464,
  'RWF' => 2.383319,
  'SAR' => 0.00849,
  'SBD' => 0.018593,
  'SCR' => 0.030708,
  'SDG' => 1.28654,
  'SEK' => 0.024028,
  'SGD' => 0.003109,
  'SHP' => 0.001899,
  'SLL' => 39.906474,
  'SOS' => 1.284281,
  'SRD' => 0.068825,
  'SSP' => 0.294266,
  'STD' => 51.560996,
  'SVC' => 0.01975,
  'SYP' => 5.675982,
  'SZL' => 0.03924,
  'THB' => 0.080759,
  'TJS' => 0.022723,
  'TMT' => 0.007929,
  'TND' => 0.007149,
  'TOP' => 0.005359,
  'TRY' => 0.042067,
  'TTD' => 0.015322,
  'TWD' => 0.070316,
  'TZS' => 5.268152,
  'UAH' => 0.083366,
  'UGX' => 8.430913,
  'USD' => 0.002259,
  'UYU' => 0.090667,
  'UZS' => 25.346767,
  'VND' => 56.042429,
  'VUV' => 0.276191,
  'WST' => 0.006312,
  'XAF' => 1.432365,
  'XAG' => 0.000108,
  'XAU' => 1.0E-6,
  'XCD' => 0.006105,
  'XDR' => 0.001681,
  'XOF' => 1.432365,
  'XPD' => 1.0E-6,
  'XPF' => 0.260576,
  'XPT' => 2.0E-6,
  'YER' => 0.565375,
  'ZAR' => 0.038992,
  'ZMW' => 0.037618,
  'ZWL' => 0.727421,
)
2022-11-19T18:54:58+00:00 INFO ENVIRONMENT: array (
  'WP_User' => 'Guest (non logged-in user)',
  'HTTP_REFERER' => '--',
  'HTTP_USER_AGENT' => 'Mozilla/5.0 (Windows NT 10.0; Win64; x64) AppleWebKit/537.36 (KHTML, like Gecko) Chrome/107.0.0.0 Safari/537.36',
  'REQUEST_URI' => '/',
  'DOING_AJAX' => false,
  'DOING_CRON' => false,
  'WP_CLI' => false,
)
2022-11-19T18:54:58+00:00 INFO REQUEST GET https://public-api.wordpress.com/wpcom/v2/sites/%s/wcpay/accounts?test_mode=1
2022-11-19T18:54:58+00:00 INFO HEADERS: array (
  'Content-Type' => 'application/json; charset=utf-8',
  'User-Agent' => 'WooCommerce Payments/5.0.1',
)
2022-11-19T18:55:00+00:00 INFO RESPONSE: array (
  'account_id' => 'acct_1M3hWbFzlKcBj7RX',
  'email' => '(redacted)',
  'live_publishable_key' => 'pk_live_iBIpeqzKOOx2Y8PFCRBfyMU000Q7xVG4Sn',
  'test_publishable_key' => 'pk_test_51ETDmyFuiXB5oUVxwSobQMW5Tno1GclIq7ePZWzLeW4q8oa7Zb8hI5VfwI5sNT5nXuKYinLukNvGCXmsQXAoDGHG00MqHqlYHR',
  'is_live' => false,
  'has_pending_requirements' => true,
  'has_overdue_requirements' => true,
  'current_deadline' => NULL,
  'status' => 'restricted',
  'capabilities' => 
  array (
    'acss_debit_payments' => 'unrequested',
    'affirm_payments' => 'unrequested',
    'afterpay_clearpay_payments' => 'unrequested',
    'bancontact_payments' => 'unrequested',
    'card_payments' => 'unrequested',
    'eps_payments' => 'unrequested',
    'giropay_payments' => 'unrequested',
    'ideal_payments' => 'unrequested',
    'klarna' => 'unrequested',
    'link_payments' => 'unrequested',
    'p24_payments' => 'unrequested',
    'sepa_debit_payments' => 'unrequested',
    'sofort_payments' => 'unrequested',
    'tax_reporting_us_1099_k' => 'unrequested',
    'tax_reporting_us_1099_misc' => 'unrequested',
    'transfers' => 'unrequested',
    'us_bank_account_ach_payments' => 'unrequested',
  ),
  'capability_requirements' => 
  array (
    'acss_debit_payments' => 
    array (
      0 => 'business_profile.mcc',
      1 => 'business_type',
      2 => 'representative.first_name',
      3 => 'representative.last_name',
      4 => 'tos_acceptance.date',
      5 => 'tos_acceptance.ip',
    ),
    'affirm_payments' => 
    array (
      0 => 'business_profile.mcc',
      1 => 'business_type',
      2 => 'representative.dob.day',
      3 => 'representative.dob.month',
      4 => 'representative.dob.year',
      5 => 'representative.first_name',
      6 => 'representative.last_name',
      7 => 'tos_acceptance.date',
      8 => 'tos_acceptance.ip',
    ),
    'afterpay_clearpay_payments' => 
    array (
      0 => 'business_profile.mcc',
      1 => 'business_profile.support_phone',
      2 => 'business_type',
      3 => 'representative.dob.day',
      4 => 'representative.dob.month',
      5 => 'representative.dob.year',
      6 => 'representative.first_name',
      7 => 'representative.last_name',
      8 => 'tos_acceptance.date',
      9 => 'tos_acceptance.ip',
    ),
    'bancontact_payments' => 
    array (
      0 => 'business_profile.mcc',
      1 => 'business_type',
      2 => 'representative.dob.day',
      3 => 'representative.dob.month',
      4 => 'representative.dob.year',
      5 => 'representative.first_name',
      6 => 'representative.last_name',
      7 => 'tos_acceptance.date',
      8 => 'tos_acceptance.ip',
    ),
    'card_payments' => 
    array (
      0 => 'business_profile.mcc',
      1 => 'business_type',
      2 => 'representative.first_name',
      3 => 'representative.last_name',
      4 => 'tos_acceptance.date',
      5 => 'tos_acceptance.ip',
    ),
    'eps_payments' => 
    array (
      0 => 'business_profile.mcc',
      1 => 'business_type',
      2 => 'representative.dob.day',
      3 => 'representative.dob.month',
      4 => 'representative.dob.year',
      5 => 'representative.first_name',
      6 => 'representative.last_name',
      7 => 'tos_acceptance.date',
      8 => 'tos_acceptance.ip',
    ),
    'giropay_payments' => 
    array (
      0 => 'business_profile.mcc',
      1 => 'business_type',
      2 => 'representative.dob.day',
      3 => 'representative.dob.month',
      4 => 'representative.dob.year',
      5 => 'representative.first_name',
      6 => 'representative.last_name',
      7 => 'tos_acceptance.date',
      8 => 'tos_acceptance.ip',
    ),
    'ideal_payments' => 
    array (
      0 => 'business_profile.mcc',
      1 => 'business_type',
      2 => 'representative.dob.day',
      3 => 'representative.dob.month',
      4 => 'representative.dob.year',
      5 => 'representative.first_name',
      6 => 'representative.last_name',
      7 => 'tos_acceptance.date',
      8 => 'tos_acceptance.ip',
    ),
    'klarna' => 
    array (
      0 => 'legal_entity.type',
    ),
    'link_payments' => 
    array (
      0 => 'business_profile.mcc',
      1 => 'business_type',
      2 => 'representative.first_name',
      3 => 'representative.last_name',
      4 => 'tos_acceptance.date',
      5 => 'tos_acceptance.ip',
    ),
    'p24_payments' => 
    array (
      0 => 'business_profile.mcc',
      1 => 'business_type',
      2 => 'representative.dob.day',
      3 => 'representative.dob.month',
      4 => 'representative.dob.year',
      5 => 'representative.first_name',
      6 => 'representative.last_name',
      7 => 'tos_acceptance.date',
      8 => 'tos_acceptance.ip',
    ),
    'sepa_debit_payments' => 
    array (
      0 => 'business_profile.mcc',
      1 => 'business_type',
      2 => 'representative.dob.day',
      3 => 'representative.dob.month',
      4 => 'representative.dob.year',
      5 => 'representative.first_name',
      6 => 'representative.last_name',
      7 => 'tos_acceptance.date',
      8 => 'tos_acceptance.ip',
    ),
    'sofort_payments' => 
    array (
      0 => 'business_profile.mcc',
      1 => 'business_type',
      2 => 'representative.dob.day',
      3 => 'representative.dob.month',
      4 => 'representative.dob.year',
      5 => 'representative.first_name',
      6 => 'representative.last_name',
      7 => 'tos_acceptance.date',
      8 => 'tos_acceptance.ip',
    ),
    'tax_reporting_us_1099_k' => 
    array (
    ),
    'tax_reporting_us_1099_misc' => 
    array (
    ),
    'transfers' => 
    array (
      0 => 'business_type',
      1 => 'tos_acceptance.date',
      2 => 'tos_acceptance.ip',
    ),
    'us_bank_account_ach_payments' => 
    array (
      0 => 'business_profile.mcc',
      1 => 'business_type',
      2 => 'representative.first_name',
      3 => 'representative.last_name',
      4 => 'tos_acceptance.date',
      5 => 'tos_acceptance.ip',
    ),
  ),
  'payments_enabled' => false,
  'deposits' => 
  array (
    'status' => 'disabled',
    'interval' => 'daily',
    'weekly_anchor' => '',
    'monthly_anchor' => NULL,
    'delay_days' => 2,
    'completed_waiting_period' => false,
    'minimum_deposit_amounts' => 
    array (
      'aud' => 500,
      'cad' => 500,
      'chf' => 500,
      'dkk' => 5000,
      'eur' => 500,
      'gbp' => 500,
      'hkd' => 5000,
      'nok' => 5000,
      'nzd' => 500,
      'sek' => 5000,
      'sgd' => 500,
      'usd' => 500,
    ),
  ),
  'statement_descriptor' => 'DEV-GOLD-TABLE.PANTHEONSITE.IO',
  'latest_tos_agreement' => 
  array (
    'date' => '2022-11-13 14:51:12',
    'source' => 'signup',
    'is_current_version' => true,
  ),
  'fees' => 
  array (
    'base' => 
    array (
      'percentage_rate' => 0.029,
      'fixed_rate' => 30,
      'currency' => 'usd',
    ),
    'discount' => 
    array (
    ),
    'card' => 
    array (
      'base' => 
      array (
        'percentage_rate' => 0.029,
        'fixed_rate' => 30,
        'currency' => 'usd',
      ),
      'additional' => 
      array (
        'percentage_rate' => 0.015,
        'fixed_rate' => 0,
        'currency' => 'usd',
      ),
      'fx' => 
      array (
        'percentage_rate' => 0.01,
        'fixed_rate' => 0,
        'currency' => 'usd',
      ),
      'discount' => 
      array (
      ),
    ),
    'card_present' => 
    array (
      'base' => 
      array (
        'percentage_rate' => 0.026,
        'fixed_rate' => 10,
        'currency' => 'usd',
      ),
      'additional' => 
      array (
        'percentage_rate' => 0.01,
        'fixed_rate' => 0,
        'currency' => 'usd',
      ),
      'fx' => 
      array (
        'percentage_rate' => 0.01,
        'fixed_rate' => 0,
        'currency' => 'usd',
      ),
      'discount' => 
      array (
      ),
    ),
    'link' => 
    array (
      'base' => 
      array (
        'percentage_rate' => 0.029,
        'fixed_rate' => 30,
        'currency' => 'usd',
      ),
      'additional' => 
      array (
        'percentage_rate' => 0,
        'fixed_rate' => 0,
        'currency' => 'usd',
      ),
      'fx' => 
      array (
        'percentage_rate' => 0.01,
        'fixed_rate' => 0,
        'currency' => 'usd',
      ),
      'discount' => 
      array (
      ),
    ),
    'bancontact' => 
    array (
      'base' => 
      array (
        'percentage_rate' => 0.014,
        'fixed_rate' => 30,
        'currency' => 'usd',
      ),
      'additional' => 
      array (
        'percentage_rate' => 0.015,
        'fixed_rate' => 0,
        'currency' => 'usd',
      ),
      'fx' => 
      array (
        'percentage_rate' => 0.01,
        'fixed_rate' => 0,
        'currency' => 'usd',
      ),
      'discount' => 
      array (
      ),
    ),
    'eps' => 
    array (
      'base' => 
      array (
        'percentage_rate' => 0.018,
        'fixed_rate' => 30,
        'currency' => 'usd',
      ),
      'additional' => 
      array (
        'percentage_rate' => 0.015,
        'fixed_rate' => 0,
        'currency' => 'usd',
      ),
      'fx' => 
      array (
        'percentage_rate' => 0.01,
        'fixed_rate' => 0,
        'currency' => 'usd',
      ),
      'discount' => 
      array (
      ),
    ),
    'ideal' => 
    array (
      'base' => 
      array (
        'percentage_rate' => 0,
        'fixed_rate' => 80,
        'currency' => 'usd',
      ),
      'additional' => 
      array (
        'percentage_rate' => 0.015,
        'fixed_rate' => 0,
        'currency' => 'usd',
      ),
      'fx' => 
      array (
        'percentage_rate' => 0.01,
        'fixed_rate' => 0,
        'currency' => 'usd',
      ),
      'discount' => 
      array (
      ),
    ),
    'giropay' => 
    array (
      'base' => 
      array (
        'percentage_rate' => 0.014,
        'fixed_rate' => 30,
        'currency' => 'usd',
      ),
      'additional' => 
      array (
        'percentage_rate' => 0.015,
        'fixed_rate' => 0,
        'currency' => 'usd',
      ),
      'fx' => 
      array (
        'percentage_rate' => 0.01,
        'fixed_rate' => 0,
        'currency' => 'usd',
      ),
      'discount' => 
      array (
      ),
    ),
    'p24' => 
    array (
      'base' => 
      array (
        'percentage_rate' => 0.022,
        'fixed_rate' => 30,
        'currency' => 'usd',
      ),
      'additional' => 
      array (
        'percentage_rate' => 0.015,
        'fixed_rate' => 0,
        'currency' => 'usd',
      ),
      'fx' => 
      array (
        'percentage_rate' => 0.01,
        'fixed_rate' => 0,
        'currency' => 'usd',
      ),
      'discount' => 
      array (
      ),
    ),
    'sofort' => 
    array (
      'base' => 
      array (
        'percentage_rate' => 0.014,
        'fixed_rate' => 30,
        'currency' => 'usd',
      ),
      'additional' => 
      array (
        'percentage_rate' => 0.015,
        'fixed_rate' => 0,
        'currency' => 'usd',
      ),
      'fx' => 
      array (
        'percentage_rate' => 0.01,
        'fixed_rate' => 0,
        'currency' => 'usd',
      ),
      'discount' => 
      array (
      ),
    ),
  ),
  'capital' => 
  array (
    'has_active_loan' => false,
    'has_previous_loans' => false,
    'loans' => 
    array (
    ),
  ),
  'fraud_services' => 
  array (
    'stripe' => 
    array (
    ),
    'sift' => 
    array (
      'beacon_key' => 'affbdadb36',
      'sandbox_beacon_key' => '6ad0ad748b',
    ),
  ),
  'store_currencies' => 
  array (
    'default' => 'usd',
    'supported' => 
    array (
    ),
  ),
  'customer_currencies' => 
  array (
    'supported' => 
    array (
      0 => 'usd',
      1 => 'aed',
      2 => 'afn',
      3 => 'all',
      4 => 'amd',
      5 => 'ang',
      6 => 'aoa',
      7 => 'ars',
      8 => 'aud',
      9 => 'awg',
      10 => 'azn',
      11 => 'bam',
      12 => 'bbd',
      13 => 'bdt',
      14 => 'bgn',
      15 => 'bif',
      16 => 'bmd',
      17 => 'bnd',
      18 => 'bob',
      19 => 'brl',
      20 => 'bsd',
      21 => 'bwp',
      22 => 'byn',
      23 => 'bzd',
      24 => 'cad',
      25 => 'cdf',
      26 => 'chf',
      27 => 'clp',
      28 => 'cny',
      29 => 'cop',
      30 => 'crc',
      31 => 'cve',
      32 => 'czk',
      33 => 'djf',
      34 => 'dkk',
      35 => 'dop',
      36 => 'dzd',
      37 => 'egp',
      38 => 'etb',
      39 => 'eur',
      40 => 'fjd',
      41 => 'fkp',
      42 => 'gbp',
      43 => 'gel',
      44 => 'gip',
      45 => 'gmd',
      46 => 'gnf',
      47 => 'gtq',
      48 => 'gyd',
      49 => 'hkd',
      50 => 'hnl',
      51 => 'hrk',
      52 => 'htg',
      53 => 'huf',
      54 => 'idr',
      55 => 'ils',
      56 => 'inr',
      57 => 'isk',
      58 => 'jmd',
      59 => 'jpy',
      60 => 'kes',
      61 => 'kgs',
      62 => 'khr',
      63 => 'kmf',
      64 => 'krw',
      65 => 'kyd',
      66 => 'kzt',
      67 => 'lak',
      68 => 'lbp',
      69 => 'lkr',
      70 => 'lrd',
      71 => 'lsl',
      72 => 'mad',
      73 => 'mdl',
      74 => 'mga',
      75 => 'mkd',
      76 => 'mmk',
      77 => 'mnt',
      78 => 'mop',
      79 => 'mro',
      80 => 'mur',
      81 => 'mvr',
      82 => 'mwk',
      83 => 'mxn',
      84 => 'myr',
      85 => 'mzn',
      86 => 'nad',
      87 => 'ngn',
      88 => 'nio',
      89 => 'nok',
      90 => 'npr',
      91 => 'nzd',
      92 => 'pab',
      93 => 'pen',
      94 => 'pgk',
      95 => 'php',
      96 => 'pkr',
      97 => 'pln',
      98 => 'pyg',
      99 => 'qar',
      100 => 'ron',
      101 => 'rsd',
      102 => 'rub',
      103 => 'rwf',
      104 => 'sar',
      105 => 'sbd',
      106 => 'scr',
      107 => 'sek',
      108 => 'sgd',
      109 => 'shp',
      110 => 'sle',
      111 => 'sll',
      112 => 'sos',
      113 => 'srd',
      114 => 'std',
      115 => 'szl',
      116 => 'thb',
      117 => 'tjs',
      118 => 'top',
      119 => 'try',
      120 => 'ttd',
      121 => 'twd',
      122 => 'tzs',
      123 => 'uah',
      124 => 'ugx',
      125 => 'uyu',
      126 => 'uzs',
      127 => 'vnd',
      128 => 'vuv',
      129 => 'wst',
      130 => 'xaf',
      131 => 'xcd',
      132 => 'xof',
      133 => 'xpf',
      134 => 'yer',
      135 => 'zar',
      136 => 'zmw',
    ),
  ),
  'country' => '(redacted)',
  'instant_deposits_eligible' => false,
  'card_present_eligible' => true,
  'has_card_readers_available' => false,
  'platform_checkout_eligible' => false,
  'business_profile' => 
  array (
    'name' => '(redacted)',
    'url' => 'https://dev-gold-table.pantheonsite.io',
    'support_address' => 
    array (
    ),
    'support_email' => NULL,
    'support_phone' => NULL,
  ),
  'branding' => 
  array (
    'icon' => NULL,
    'logo' => NULL,
    'primary_color' => NULL,
    'secondary_color' => NULL,
  ),
  'locale' => 'en_US',
  'has_more_failed_events' => false,
  'has_submitted_vat_data' => false,
  'is_documents_enabled' => false,
  'card_testing_protection_eligible' => false,
  'progressive_onboarding' => 
  array (
    'is_enabled' => false,
    'is_complete' => false,
  ),
)
2022-11-19T18:55:00+00:00 INFO ENVIRONMENT: array (
  'WP_User' => 'Guest (non logged-in user)',
  'HTTP_REFERER' => '--',
  'HTTP_USER_AGENT' => 'Mozilla/5.0 (Windows NT 10.0; Win64; x64) AppleWebKit/537.36 (KHTML, like Gecko) Chrome/107.0.0.0 Safari/537.36',
  'REQUEST_URI' => '/',
  'DOING_AJAX' => false,
  'DOING_CRON' => false,
  'WP_CLI' => false,
)
2022-11-19T18:55:00+00:00 INFO REQUEST GET https://public-api.wordpress.com/wpcom/v2/sites/%s/wcpay/currency/rates?test_mode=1&currency_from=NGN
2022-11-19T18:55:00+00:00 INFO HEADERS: array (
  'Content-Type' => 'application/json; charset=utf-8',
  'User-Agent' => 'WooCommerce Payments/5.0.1',
)
2022-11-19T18:55:05+00:00 INFO RESPONSE: array (
  'AED' => 0.008298,
  'AFN' => 0.198798,
  'ALL' => 0.25584,
  'AMD' => 0.892732,
  'ANG' => 0.004068,
  'AOA' => 1.154707,
  'ARS' => 0.368374,
  'AUD' => 0.003384,
  'AWG' => 0.004066,
  'AZN' => 0.00384,
  'BAM' => 0.004259,
  'BBD' => 0.004518,
  'BDT' => 0.232615,
  'BGN' => 0.004274,
  'BHD' => 0.000851,
  'BIF' => 4.637871,
  'BMD' => 0.002259,
  'BND' => 0.003099,
  'BOB' => 0.015598,
  'BRL' => 0.01216,
  'BSD' => 0.002259,
  'BTC' => 1.3606E-7,
  'BTN' => 0.184362,
  'BWP' => 0.02924,
  'BYN' => 0.005701,
  'BZD' => 0.00455,
  'CAD' => 0.003031,
  'CDF' => 4.617539,
  'CHF' => 0.002156,
  'CLF' => 7.7E-5,
  'CLP' => 2.127592,
  'CNH' => 0.016094,
  'CNY' => 0.016084,
  'COP' => 11.316488,
  'CRC' => 1.378123,
  'CUC' => 0.002259,
  'CUP' => 0.058171,
  'CVE' => 0.241382,
  'CZK' => 0.05328,
  'DJF' => 0.400985,
  'DKK' => 0.016275,
  'DOP' => 0.123119,
  'DZD' => 0.313676,
  'EGP' => 0.055297,
  'ERN' => 0.033886,
  'ETB' => 0.119663,
  'EUR' => 0.002184,
  'FJD' => 0.005039,
  'FKP' => 0.0019,
  'GBP' => 0.0019,
  'GEL' => 0.006145,
  'GGP' => 0.0019,
  'GHS' => 0.032757,
  'GIP' => 0.0019,
  'GMD' => 0.138933,
  'GNF' => 19.823341,
  'GTQ' => 0.017625,
  'GYD' => 0.472256,
  'HKD' => 0.01767,
  'HNL' => 0.056138,
  'HRK' => 0.016435,
  'HTG' => 0.311506,
  'HUF' => 0.889486,
  'IDR' => 35.33502,
  'ILS' => 0.007831,
  'IMP' => 0.0019,
  'INR' => 0.18416,
  'IQD' => 3.298242,
  'IRR' => 95.784575,
  'ISK' => 0.325803,
  'JEP' => 0.0019,
  'JMD' => 0.347046,
  'JOD' => 0.001602,
  'JPY' => 0.317095,
  'KES' => 0.275945,
  'KGS' => 0.189927,
  'KHR' => 9.35255,
  'KMF' => 1.076446,
  'KPW' => 2.033163,
  'KRW' => 3.027222,
  'KWD' => 0.000695,
  'KYD' => 0.001881,
  'KZT' => 1.042762,
  'LAK' => 38.291239,
  'LBP' => 3.431703,
  'LKR' => 0.829564,
  'LRD' => 0.347897,
  'LSL' => 0.03924,
  'LYD' => 0.011058,
  'MAD' => 0.024205,
  'MDL' => 0.043306,
  'MGA' => 9.752406,
  'MKD' => 0.134167,
  'MMK' => 4.740361,
  'MNT' => 7.696574,
  'MOP' => 0.018187,
  'MUR' => 0.098586,
  'MVR' => 0.034824,
  'MWK' => 2.313288,
  'MXN' => 0.043917,
  'MYR' => 0.010287,
  'MZN' => 0.144242,
  'NAD' => 0.03924,
  'NGN' => 1,
  'NIO' => 0.081327,
  'NOK' => 0.023026,
  'NPR' => 0.294983,
  'NZD' => 0.003672,
  'OMR' => 0.00087,
  'PAB' => 0.002259,
  'PEN' => 0.008604,
  'PGK' => 0.007952,
  'PHP' => 0.129235,
  'PKR' => 0.50253,
  'PLN' => 0.010282,
  'PYG' => 16.186174,
  'QAR' => 0.008224,
  'RON' => 0.010812,
  'RSD' => 0.256183,
  'RUB' => 0.137464,
  'RWF' => 2.383319,
  'SAR' => 0.00849,
  'SBD' => 0.018593,
  'SCR' => 0.030708,
  'SDG' => 1.28654,
  'SEK' => 0.024028,
  'SGD' => 0.003109,
  'SHP' => 0.0019,
  'SLL' => 39.906474,
  'SOS' => 1.284281,
  'SRD' => 0.068825,
  'SSP' => 0.294266,
  'STD' => 51.560996,
  'SVC' => 0.01975,
  'SYP' => 5.675982,
  'SZL' => 0.03924,
  'THB' => 0.080924,
  'TJS' => 0.022723,
  'TMT' => 0.007929,
  'TND' => 0.007149,
  'TOP' => 0.005359,
  'TRY' => 0.042067,
  'TTD' => 0.015322,
  'TWD' => 0.070316,
  'TZS' => 5.268152,
  'UAH' => 0.083366,
  'UGX' => 8.430913,
  'USD' => 0.002259,
  'UYU' => 0.090667,
  'UZS' => 25.346767,
  'VND' => 56.042429,
  'VUV' => 0.276191,
  'WST' => 0.006312,
  'XAF' => 1.432365,
  'XAG' => 0.000108,
  'XAU' => 1.0E-6,
  'XCD' => 0.006105,
  'XDR' => 0.001681,
  'XOF' => 1.432365,
  'XPD' => 1.0E-6,
  'XPF' => 0.260576,
  'XPT' => 2.0E-6,
  'YER' => 0.565375,
  'ZAR' => 0.038992,
  'ZMW' => 0.037618,
  'ZWL' => 0.727421,
)
