2022-11-17T09:19:30+00:00 INFO ENVIRONMENT: array (
  'WP_User' => 'Gold',
  'HTTP_REFERER' => 'https://dev-gold-table.pantheonsite.io/wp-login.php?redirect_to=httpsdev-gold-table.pantheonsite.iowp-admin&reauth=1',
  'HTTP_USER_AGENT' => 'Mozilla/5.0 (Windows NT 10.0; Win64; x64) AppleWebKit/537.36 (KHTML, like Gecko) Chrome/107.0.0.0 Safari/537.36',
  'REQUEST_URI' => '/wp-admin/',
  'DOING_AJAX' => false,
  'DOING_CRON' => false,
  'WP_CLI' => false,
)
2022-11-17T09:19:31+00:00 INFO REQUEST GET https://public-api.wordpress.com/wpcom/v2/sites/%s/wcpay/accounts?test_mode=1
2022-11-17T09:19:31+00:00 INFO HEADERS: array (
  'Content-Type' => 'application/json; charset=utf-8',
  'User-Agent' => 'WooCommerce Payments/5.0.1',
)
2022-11-17T09:19:38+00:00 INFO RESPONSE: array (
)
2022-11-17T14:15:25+00:00 INFO ENVIRONMENT: array (
  'WP_User' => 'Guest (non logged-in user)',
  'HTTP_REFERER' => '--',
  'HTTP_USER_AGENT' => 'Mozilla/5.0 (Windows NT 10.0; Win64; x64) AppleWebKit/537.36 (KHTML, like Gecko) Chrome/107.0.0.0 Safari/537.36',
  'REQUEST_URI' => '/wp-admin/',
  'DOING_AJAX' => false,
  'DOING_CRON' => false,
  'WP_CLI' => false,
)
2022-11-17T14:15:25+00:00 INFO REQUEST GET https://public-api.wordpress.com/wpcom/v2/sites/%s/wcpay/accounts?test_mode=1
2022-11-17T14:15:25+00:00 INFO HEADERS: array (
  'Content-Type' => 'application/json; charset=utf-8',
  'User-Agent' => 'WooCommerce Payments/5.0.1',
)
2022-11-17T14:15:25+00:00 INFO RESPONSE: array (
)
2022-11-17T14:25:43+00:00 INFO ENVIRONMENT: array (
  'WP_User' => 'Gold',
  'HTTP_REFERER' => 'https://dev-gold-table.pantheonsite.io/wp-admin/admin.php?page=wc-admin',
  'HTTP_USER_AGENT' => 'Mozilla/5.0 (Windows NT 10.0; Win64; x64) AppleWebKit/537.36 (KHTML, like Gecko) Chrome/107.0.0.0 Safari/537.36',
  'REQUEST_URI' => '/wp-admin/edit.php?post_type=shop_order',
  'DOING_AJAX' => false,
  'DOING_CRON' => false,
  'WP_CLI' => false,
)
2022-11-17T14:25:43+00:00 INFO REQUEST GET https://public-api.wordpress.com/wpcom/v2/sites/%s/wcpay/disputes/status_counts?test_mode=1
2022-11-17T14:25:43+00:00 INFO HEADERS: array (
  'Content-Type' => 'application/json; charset=utf-8',
  'User-Agent' => 'WooCommerce Payments/5.0.1',
)
2022-11-17T14:25:43+00:00 ERROR No account found for this site. (wcpay_account_not_found)
